#
# A fatal error has been detected by the Java Runtime Environment:
#
#  SIGSEGV (0xb) at pc=0x0000000104a6a0e0, pid=37392, tid=17667
#
# JRE version: Java(TM) SE Runtime Environment (7.0_51-b13) (build 1.7.0_51-b13)
# Java VM: Java HotSpot(TM) 64-Bit Server VM (24.51-b03 mixed mode bsd-amd64 compressed oops)
# Problematic frame:
# V  [libjvm.dylib+0x26a0e0]
#
# Failed to write core dump. Core dumps have been disabled. To enable core dumping, try "ulimit -c unlimited" before starting Java again
#
# If you would like to submit a bug report, please visit:
#   http://bugreport.sun.com/bugreport/crash.jsp
#

---------------  T H R E A D  ---------------

Current thread (0x0000000103094000):  VMThread [stack: 0x0000000116453000,0x0000000116553000] [id=17667]

siginfo:si_signo=SIGSEGV: si_errno=0, si_code=1 (SEGV_MAPERR), si_addr=0x0000000000000000

Registers:
RAX=0x0000000000000000, RBX=0x000000010500bd00, RCX=0xfffffffffffdc9cb, RDX=0x0000000000000096
RSP=0x0000000116552640, RBP=0x0000000116552670, RSI=0x00000000000af6be, RDI=0x000000010500bd00
R8 =0x00000000551dbe4e, R9 =0x0000000000000400, R10=0x0000000000002000, R11=0x0000000012d46f28
R12=0x0000000000000008, R13=0x0000000000000800, R14=0x0000000100d07480, R15=0x0000000100d08910
RIP=0x0000000104a6a0e0, EFLAGS=0x0000000000010202, ERR=0x0000000000000006
  TRAPNO=0x000000000000000e

Top of Stack: (sp=0x0000000116552640)
0x0000000116552640:   0000000100d07480 0000000100d08910
0x0000000116552650:   0000000116552670 0000000104c16cf7
0x0000000116552660:   00000000551dbe4e 000000010501f288
0x0000000116552670:   0000000116552ac0 0000000104c571b0
0x0000000116552680:   0000003000000010 0000000116552c30
0x0000000116552690:   0000000116552b40 0000000000000000
0x00000001165526a0:   0000000000000000 0000000000000000
0x00000001165526b0:   0000003000000010 0000000116552c50
0x00000001165526c0:   0000000116552b70 0000000000000000
0x00000001165526d0:   00000001165526f0 00000001049a5e52
0x00000001165526e0:   00000001165527d8 00000001078a7625
0x00000001165526f0:   0000000116552720 0000000104c658a6
0x0000000116552700:   0000000116552a10 0000000116552a10
0x0000000116552710:   0000000116552800 0000000116552870
0x0000000116552720:   00000001165529f0 0000000104c6636c
0x0000000116552730:   000000010380bad8 000000010380ba38
0x0000000116552740:   000000010380ba40 000000010380ba40
0x0000000116552750:   0000000116552a08 0000000116552a18
0x0000000116552760:   00000001078a7634 00000001078a7630
0x0000000116552770:   00000001078a5010 00000001078a56d0
0x0000000116552780:   00000001078a4d50 00000001078a762f
0x0000000116552790:   000000000000000a 0000000116552790
0x00000001165527a0:   23006c1068010001 00000001078a56e0
0x00000001165527b0:   00000001078a5800 00000001078a9660
0x00000001165527c0:   00000001078a5800 00000001078a9660
0x00000001165527d0:   00000001078a9b90 0000000104ff6f50
0x00000001165527e0:   0000000116552768 00000001078a7625
0x00000001165527f0:   0000000000000000 00007fff776fe6b8
0x0000000116552800:   00000001078a7626 00000001078a500c
0x0000000116552810:   00000001078a56d0 00000001078a4d50
0x0000000116552820:   00000001078a7625 0000000000000008
0x0000000116552830:   00000001165528c0 0000000000000000 

Instructions: (pc=0x0000000104a6a0e0)
0x0000000104a6a0c0:   4b 34 89 44 8b 20 ff 43 34 48 83 c4 28 5b 5d c3
0x0000000104a6a0d0:   55 48 89 e5 53 48 83 ec 28 48 89 fb 48 8b 43 18
0x0000000104a6a0e0:   c7 00 00 00 00 00 c7 43 34 00 00 00 00 48 c7 43
0x0000000104a6a0f0:   38 00 00 00 00 48 c7 43 40 00 00 00 00 48 89 73 

Register to memory mapping:

RAX=0x0000000000000000 is an unknown value
RBX=0x000000010500bd00: _ZN10PSScavenge9_gc_timerE+0 in /Library/Java/JavaVirtualMachines/jdk1.7.0_51.jdk/Contents/Home/jre/lib/server/libjvm.dylib at 0x0000000104800000
RCX=0xfffffffffffdc9cb is an unknown value
RDX=0x0000000000000096 is an unknown value
RSP=0x0000000116552640 is an unknown value
RBP=0x0000000116552670 is an unknown value
RSI=0x00000000000af6be is an unknown value
RDI=0x000000010500bd00: _ZN10PSScavenge9_gc_timerE+0 in /Library/Java/JavaVirtualMachines/jdk1.7.0_51.jdk/Contents/Home/jre/lib/server/libjvm.dylib at 0x0000000104800000
R8 =0x00000000551dbe4e is an unknown value
R9 =0x0000000000000400 is an unknown value
R10=0x0000000000002000 is an unknown value
R11=0x0000000012d46f28 is an unknown value
R12=0x0000000000000008 is an unknown value
R13=0x0000000000000800 is an unknown value
R14=0x0000000100d07480 is an unknown value
R15=0x0000000100d08910 is an unknown value


Stack: [0x0000000116453000,0x0000000116553000],  sp=0x0000000116552640,  free space=1021k
Native frames: (J=compiled Java code, j=interpreted, Vv=VM code, C=native code)
V  [libjvm.dylib+0x26a0e0]
V  [libjvm.dylib+0x4571b0]
V  [libjvm.dylib+0x458420]
V  [libjvm.dylib+0x42cd89]
V  [libjvm.dylib+0x525c12]
V  [libjvm.dylib+0x52bf31]
V  [libjvm.dylib+0x52a5e1]
V  [libjvm.dylib+0x52aa2c]
V  [libjvm.dylib+0x52a36b]
V  [libjvm.dylib+0x41b1d6]
C  [libsystem_pthread.dylib+0x3268]  _pthread_body+0x83
C  [libsystem_pthread.dylib+0x31e5]  _pthread_body+0x0
C  [libsystem_pthread.dylib+0x141d]  thread_start+0xd

VM_Operation (0x0000000103fe2888): ParallelGCFailedAllocation, mode: safepoint, requested by thread 0x000000010105c800


---------------  P R O C E S S  ---------------

Java Threads: ( => current thread )
  0x000000010105c800 JavaThread "Thread-3" [_thread_blocked, id=7683, stack(0x0000000103f64000,0x0000000103fe4000)]
  0x0000000105802000 JavaThread "Thread-2" [_thread_in_native, id=7939, stack(0x0000000105254000,0x00000001052d4000)]
  0x0000000106801800 JavaThread "Thread-1" [_thread_in_native, id=8195, stack(0x00000001052d7000,0x0000000105357000)]
  0x000000010408c000 JavaThread "Thread-0" [_thread_in_native, id=8451, stack(0x000000010535a000,0x00000001053da000)]
  0x00000001030ca000 JavaThread "Service Thread" daemon [_thread_blocked, id=24323, stack(0x00000001182f1000,0x00000001183f1000)]
  0x00000001030c9800 JavaThread "C2 CompilerThread1" daemon [_thread_blocked, id=23811, stack(0x00000001181ee000,0x00000001182ee000)]
  0x000000010401f800 JavaThread "C2 CompilerThread0" daemon [_thread_blocked, id=23299, stack(0x00000001180eb000,0x00000001181eb000)]
  0x0000000103094800 JavaThread "Signal Dispatcher" daemon [_thread_blocked, id=22803, stack(0x0000000117fe8000,0x00000001180e8000)]
  0x000000010281f800 JavaThread "Finalizer" daemon [_thread_blocked, id=18691, stack(0x0000000116659000,0x0000000116759000)]
  0x000000010281c800 JavaThread "Reference Handler" daemon [_thread_blocked, id=18179, stack(0x0000000116556000,0x0000000116656000)]
  0x000000010280a000 JavaThread "main" [_thread_in_native, id=1299, stack(0x00007fff5fb80000,0x00007fff5fc00000)]

Other Threads:
=>0x0000000103094000 VMThread [stack: 0x0000000116453000,0x0000000116553000] [id=17667]
  0x0000000104021000 WatcherThread [stack: 0x00000001183f4000,0x00000001184f4000] [id=24835]

VM state:at safepoint (normal execution)

VM Mutex/Monitor currently owned by a thread:  ([mutex/lock_event])
[0x0000000103807c20] Threads_lock - owner thread: 0x0000000103094000
[0x0000000103808120] Heap_lock - owner thread: 0x000000010105c800

Heap
 PSYoungGen      total 76800K, used 66048K [0x00000007aaa80000, 0x00000007b0000000, 0x0000000800000000)
  eden space 66048K, 100% used [0x00000007aaa80000,0x00000007aeb00000,0x00000007aeb00000)
  from space 10752K, 0% used [0x00000007af580000,0x00000007af580000,0x00000007b0000000)
  to   space 10752K, 0% used [0x00000007aeb00000,0x00000007aeb00000,0x00000007af580000)
 ParOldGen       total 174592K, used 0K [0x0000000700000000, 0x000000070aa80000, 0x00000007aaa80000)
  object space 174592K, 0% used [0x0000000700000000,0x0000000700000000,0x000000070aa80000)
 PSPermGen       total 21504K, used 7680K [0x00000006fae00000, 0x00000006fc300000, 0x0000000700000000)
  object space 21504K, 35% used [0x00000006fae00000,0x00000006fb5802e8,0x00000006fc300000)

Card table byte_map: [0x000000010a800000,0x000000010b02a000] byte_map_base: 0x0000000107029000

Polling page: 0x0000000100afe000

Code Cache  [0x0000000107800000, 0x0000000107a70000, 0x000000010a800000)
 total_blobs=421 nmethods=178 adapters=197 free_code_cache=48271Kb largest_free_block=49404416

Compilation events (10 events):
Event: 0.710 Thread 0x000000010401f800  175             com.sun.org.apache.xml.internal.dtm.ref.sax2dtm.SAX2DTM2$TypedAttributeIterator::next (16 bytes)
Event: 0.710 Thread 0x00000001030c9800 nmethod 174 0x00000001078c9b50 code [0x00000001078c9ca0, 0x00000001078c9da8]
Event: 0.710 Thread 0x000000010401f800 nmethod 175 0x00000001078db550 code [0x00000001078db680, 0x00000001078db6f8]
Event: 0.713 Thread 0x00000001030c9800  176             com.sun.org.apache.xml.internal.dtm.ref.DTMDefaultBase::makeNodeIdentity (80 bytes)
Event: 0.713 Thread 0x000000010401f800  177             com.sun.org.apache.xml.internal.dtm.ref.sax2dtm.SAX2DTM2::_type2 (54 bytes)
Event: 0.714 Thread 0x00000001030c9800 nmethod 176 0x00000001078db150 code [0x00000001078db2a0, 0x00000001078db3f8]
Event: 0.714 Thread 0x00000001030c9800  178             com.sun.org.apache.xml.internal.dtm.ref.sax2dtm.SAX2DTM2$TypedAttributeIterator::setStartNode (35 bytes)
Event: 0.714 Thread 0x000000010401f800 nmethod 177 0x00000001078df110 code [0x00000001078df260, 0x00000001078df418]
Event: 0.714 Thread 0x00000001030c9800 nmethod 178 0x00000001078e0b90 code [0x00000001078e0ce0, 0x00000001078e0da8]
Event: 0.714 Thread 0x000000010401f800  179             com.sun.org.apache.xalan.internal.xsltc.runtime.BasisLibrary::compare (96 bytes)

GC Heap History (0 events):
No events

Deoptimization events (7 events):
Event: 0.336 Thread 0x000000010408c000 Uncommon trap: reason=uninitialized action=reinterpret pc=0x0000000107868e1c method=com.sun.org.apache.bcel.internal.util.InstructionFinder.mapName(Ljava/lang/String;)Ljava/lang/String; @ 0
Event: 0.344 Thread 0x000000010408c000 Uncommon trap: reason=uninitialized action=reinterpret pc=0x00000001078784dc method=com.sun.org.apache.bcel.internal.util.InstructionFinder.mapName(Ljava/lang/String;)Ljava/lang/String; @ 0
Event: 0.374 Thread 0x000000010105c800 Uncommon trap: reason=null_check action=make_not_entrant pc=0x00000001078640e4 method=java.lang.String.equals(Ljava/lang/Object;)Z @ 8
Event: 0.374 Thread 0x0000000106801800 Uncommon trap: reason=null_check action=make_not_entrant pc=0x00000001078640e4 method=java.lang.String.equals(Ljava/lang/Object;)Z @ 8
Event: 0.428 Thread 0x000000010105c800 Uncommon trap: reason=unreached action=reinterpret pc=0x0000000107881b50 method=com.sun.org.apache.xerces.internal.util.SymbolTable.addSymbol([CII)Ljava/lang/String; @ 29
Event: 0.688 Thread 0x000000010105c800 Uncommon trap: reason=class_check action=maybe_recompile pc=0x000000010789a32c method=com.sun.org.apache.xerces.internal.impl.XMLDocumentScannerImpl.next()I @ 4
Event: 0.688 Thread 0x000000010105c800 Uncommon trap: reason=unreached action=reinterpret pc=0x00000001078b54d0 method=com.sun.org.apache.xml.internal.dtm.ref.ExpandedNameTable.getExpandedTypeID(Ljava/lang/String;Ljava/lang/String;IZ)I @ 2

Internal exceptions (10 events):
Event: 0.080 Thread 0x000000010408c000 Threw 0x00000007aad31d80 at /HUDSON/workspace/7u-2-build-macosx-x86_64/jdk7u51/527/hotspot/src/share/vm/prims/jvm.cpp:1244
Event: 0.080 Thread 0x000000010280a000 Threw 0x00000007aac45c80 at /HUDSON/workspace/7u-2-build-macosx-x86_64/jdk7u51/527/hotspot/src/share/vm/prims/jvm.cpp:1244
Event: 0.083 Thread 0x000000010280a000 Threw 0x00000007aac5a890 at /HUDSON/workspace/7u-2-build-macosx-x86_64/jdk7u51/527/hotspot/src/share/vm/prims/jvm.cpp:1244
Event: 0.374 Thread 0x000000010105c800 Implicit null exception at 0x0000000107863ed9 to 0x00000001078640d5
Event: 0.374 Thread 0x0000000106801800 Implicit null exception at 0x0000000107863ed9 to 0x00000001078640d5
Event: 0.388 Thread 0x0000000106801800 Threw 0x00000007aaea0b18 at /HUDSON/workspace/7u-2-build-macosx-x86_64/jdk7u51/527/hotspot/src/share/vm/prims/jvm.cpp:1244
Event: 0.388 Thread 0x0000000106801800 Threw 0x00000007aaea2598 at /HUDSON/workspace/7u-2-build-macosx-x86_64/jdk7u51/527/hotspot/src/share/vm/prims/jvm.cpp:1244
Event: 0.389 Thread 0x0000000106801800 Threw 0x00000007aaea83e8 at /HUDSON/workspace/7u-2-build-macosx-x86_64/jdk7u51/527/hotspot/src/share/vm/prims/jvm.cpp:1244
Event: 0.389 Thread 0x0000000106801800 Threw 0x00000007aaea9ed0 at /HUDSON/workspace/7u-2-build-macosx-x86_64/jdk7u51/527/hotspot/src/share/vm/prims/jvm.cpp:1244
Event: 0.688 Thread 0x000000010105c800 Implicit null exception at 0x00000001078b4d80 to 0x00000001078b54b1

Events (10 events):
Event: 0.428 Thread 0x000000010105c800 Uncommon trap: trap_request=0xffffffad fr.pc=0x0000000107881b50
Event: 0.428 Thread 0x000000010105c800 DEOPT PACKING pc=0x0000000107881b50 sp=0x0000000103fe2b50
Event: 0.428 Thread 0x000000010105c800 DEOPT UNPACKING pc=0x0000000107839045 sp=0x0000000103fe2b18 mode 2
Event: 0.688 Thread 0x000000010105c800 Uncommon trap: trap_request=0xffffffde fr.pc=0x000000010789a32c
Event: 0.688 Thread 0x000000010105c800 DEOPT PACKING pc=0x000000010789a32c sp=0x0000000103fe2db0
Event: 0.688 Thread 0x000000010105c800 DEOPT UNPACKING pc=0x0000000107839045 sp=0x0000000103fe2cc8 mode 2
Event: 0.688 Thread 0x000000010105c800 Uncommon trap: trap_request=0xffffffad fr.pc=0x00000001078b54d0
Event: 0.688 Thread 0x000000010105c800 DEOPT PACKING pc=0x00000001078b54d0 sp=0x0000000103fe2e60
Event: 0.688 Thread 0x000000010105c800 DEOPT UNPACKING pc=0x0000000107839045 sp=0x0000000103fe2e30 mode 2
Event: 0.718 Executing VM operation: ParallelGCFailedAllocation


Dynamic libraries:
0x000000000582c000 	/System/Library/Frameworks/Carbon.framework/Versions/A/Carbon
0x000000000582c000 	/usr/lib/libSystem.B.dylib
0x000000000582c000 	/System/Library/Frameworks/Foundation.framework/Versions/C/Foundation
0x000000000582c000 	/System/Library/Frameworks/CoreServices.framework/Versions/A/CoreServices
0x000000000582c000 	/System/Library/Frameworks/ApplicationServices.framework/Versions/A/ApplicationServices
0x000000000582c000 	/usr/lib/libstdc++.6.dylib
0x000000000582c000 	/System/Library/Frameworks/CoreFoundation.framework/Versions/A/CoreFoundation
0x000000000582c000 	/System/Library/Frameworks/Carbon.framework/Versions/A/Frameworks/CommonPanels.framework/Versions/A/CommonPanels
0x000000000582c000 	/System/Library/Frameworks/Carbon.framework/Versions/A/Frameworks/Help.framework/Versions/A/Help
0x000000000582c000 	/System/Library/Frameworks/Carbon.framework/Versions/A/Frameworks/HIToolbox.framework/Versions/A/HIToolbox
0x000000000582c000 	/System/Library/Frameworks/Carbon.framework/Versions/A/Frameworks/ImageCapture.framework/Versions/A/ImageCapture
0x000000000582c000 	/System/Library/Frameworks/Carbon.framework/Versions/A/Frameworks/Ink.framework/Versions/A/Ink
0x000000000582c000 	/System/Library/Frameworks/Carbon.framework/Versions/A/Frameworks/OpenScripting.framework/Versions/A/OpenScripting
0x000000000582c000 	/System/Library/Frameworks/Carbon.framework/Versions/A/Frameworks/Print.framework/Versions/A/Print
0x000000000582c000 	/System/Library/Frameworks/Carbon.framework/Versions/A/Frameworks/SecurityHI.framework/Versions/A/SecurityHI
0x000000000582c000 	/System/Library/Frameworks/Carbon.framework/Versions/A/Frameworks/SpeechRecognition.framework/Versions/A/SpeechRecognition
0x000000000582c000 	/usr/lib/libobjc.A.dylib
0x000000000582c000 	/System/Library/Frameworks/CoreGraphics.framework/Versions/A/CoreGraphics
0x000000000582c000 	/System/Library/Frameworks/CoreText.framework/Versions/A/CoreText
0x000000000582c000 	/System/Library/Frameworks/ImageIO.framework/Versions/A/ImageIO
0x000000000582c000 	/System/Library/Frameworks/ApplicationServices.framework/Versions/A/Frameworks/ATS.framework/Versions/A/ATS
0x000000000582c000 	/System/Library/Frameworks/ApplicationServices.framework/Versions/A/Frameworks/ColorSync.framework/Versions/A/ColorSync
0x000000000582c000 	/System/Library/Frameworks/ApplicationServices.framework/Versions/A/Frameworks/HIServices.framework/Versions/A/HIServices
0x000000000582c000 	/System/Library/Frameworks/ApplicationServices.framework/Versions/A/Frameworks/LangAnalysis.framework/Versions/A/LangAnalysis
0x000000000582c000 	/System/Library/Frameworks/ApplicationServices.framework/Versions/A/Frameworks/PrintCore.framework/Versions/A/PrintCore
0x000000000582c000 	/System/Library/Frameworks/ApplicationServices.framework/Versions/A/Frameworks/QD.framework/Versions/A/QD
0x000000000582c000 	/System/Library/Frameworks/ApplicationServices.framework/Versions/A/Frameworks/SpeechSynthesis.framework/Versions/A/SpeechSynthesis
0x000000000582c000 	/usr/lib/libz.1.dylib
0x000000000582c000 	/usr/lib/libbsm.0.dylib
0x000000000582c000 	/System/Library/Frameworks/IOKit.framework/Versions/A/IOKit
0x000000000582c000 	/System/Library/Frameworks/IOSurface.framework/Versions/A/IOSurface
0x000000000582c000 	/System/Library/Frameworks/Security.framework/Versions/A/Security
0x000000000582c000 	/System/Library/Frameworks/Accelerate.framework/Versions/A/Accelerate
0x000000000582c000 	/System/Library/Frameworks/SystemConfiguration.framework/Versions/A/SystemConfiguration
0x000000000582c000 	/System/Library/PrivateFrameworks/MultitouchSupport.framework/Versions/A/MultitouchSupport
0x000000000582c000 	/usr/lib/libc++.1.dylib
0x000000000582c000 	/usr/lib/system/libcache.dylib
0x000000000582c000 	/usr/lib/system/libcommonCrypto.dylib
0x000000000582c000 	/usr/lib/system/libcompiler_rt.dylib
0x000000000582c000 	/usr/lib/system/libcopyfile.dylib
0x000000000582c000 	/usr/lib/system/libcorecrypto.dylib
0x000000000582c000 	/usr/lib/system/libdispatch.dylib
0x000000000582c000 	/usr/lib/system/libdyld.dylib
0x000000000582c000 	/usr/lib/system/libkeymgr.dylib
0x000000000582c000 	/usr/lib/system/liblaunch.dylib
0x000000000582c000 	/usr/lib/system/libmacho.dylib
0x000000000582c000 	/usr/lib/system/libquarantine.dylib
0x000000000582c000 	/usr/lib/system/libremovefile.dylib
0x000000000582c000 	/usr/lib/system/libsystem_asl.dylib
0x000000000582c000 	/usr/lib/system/libsystem_blocks.dylib
0x000000000582c000 	/usr/lib/system/libsystem_c.dylib
0x000000000582c000 	/usr/lib/system/libsystem_configuration.dylib
0x000000000582c000 	/usr/lib/system/libsystem_coreservices.dylib
0x000000000582c000 	/usr/lib/system/libsystem_coretls.dylib
0x000000000582c000 	/usr/lib/system/libsystem_dnssd.dylib
0x000000000582c000 	/usr/lib/system/libsystem_info.dylib
0x000000000582c000 	/usr/lib/system/libsystem_kernel.dylib
0x000000000582c000 	/usr/lib/system/libsystem_m.dylib
0x000000000582c000 	/usr/lib/system/libsystem_malloc.dylib
0x000000000582c000 	/usr/lib/system/libsystem_network.dylib
0x000000000582c000 	/usr/lib/system/libsystem_networkextension.dylib
0x000000000582c000 	/usr/lib/system/libsystem_notify.dylib
0x000000000582c000 	/usr/lib/system/libsystem_platform.dylib
0x000000000582c000 	/usr/lib/system/libsystem_pthread.dylib
0x000000000582c000 	/usr/lib/system/libsystem_sandbox.dylib
0x000000000582c000 	/usr/lib/system/libsystem_secinit.dylib
0x000000000582c000 	/usr/lib/system/libsystem_stats.dylib
0x000000000582c000 	/usr/lib/system/libsystem_trace.dylib
0x000000000582c000 	/usr/lib/system/libunc.dylib
0x000000000582c000 	/usr/lib/system/libunwind.dylib
0x000000000582c000 	/usr/lib/system/libxpc.dylib
0x000000000582c000 	/usr/lib/libauto.dylib
0x000000000582c000 	/usr/lib/libc++abi.dylib
0x000000000582c000 	/usr/lib/libDiagnosticMessagesClient.dylib
0x000000000582c000 	/usr/lib/system/libkxld.dylib
0x000000000582c000 	/usr/lib/libicucore.A.dylib
0x000000000582c000 	/System/Library/Frameworks/CFNetwork.framework/Versions/A/CFNetwork
0x000000000582c000 	/System/Library/Frameworks/CoreServices.framework/Versions/A/Frameworks/FSEvents.framework/Versions/A/FSEvents
0x000000000582c000 	/System/Library/Frameworks/CoreServices.framework/Versions/A/Frameworks/CarbonCore.framework/Versions/A/CarbonCore
0x000000000582c000 	/System/Library/Frameworks/CoreServices.framework/Versions/A/Frameworks/Metadata.framework/Versions/A/Metadata
0x000000000582c000 	/System/Library/Frameworks/CoreServices.framework/Versions/A/Frameworks/OSServices.framework/Versions/A/OSServices
0x000000000582c000 	/System/Library/Frameworks/CoreServices.framework/Versions/A/Frameworks/SearchKit.framework/Versions/A/SearchKit
0x000000000582c000 	/System/Library/Frameworks/CoreServices.framework/Versions/A/Frameworks/AE.framework/Versions/A/AE
0x000000000582c000 	/System/Library/Frameworks/CoreServices.framework/Versions/A/Frameworks/LaunchServices.framework/Versions/A/LaunchServices
0x000000000582c000 	/System/Library/Frameworks/CoreServices.framework/Versions/A/Frameworks/DictionaryServices.framework/Versions/A/DictionaryServices
0x000000000582c000 	/usr/lib/libsqlite3.dylib
0x000000000582c000 	/usr/lib/libxml2.2.dylib
0x000000000582c000 	/usr/lib/libxar.1.dylib
0x000000000582c000 	/usr/lib/libpam.2.dylib
0x000000000582c000 	/usr/lib/libOpenScriptingUtil.dylib
0x000000000582c000 	/usr/lib/libbz2.1.0.dylib
0x000000000582c000 	/System/Library/Frameworks/DiskArbitration.framework/Versions/A/DiskArbitration
0x000000000582c000 	/System/Library/Frameworks/NetFS.framework/Versions/A/NetFS
0x000000000582c000 	/System/Library/PrivateFrameworks/NetAuth.framework/Versions/A/NetAuth
0x000000000582c000 	/System/Library/PrivateFrameworks/login.framework/Versions/A/Frameworks/loginsupport.framework/Versions/A/loginsupport
0x000000000582c000 	/System/Library/PrivateFrameworks/DataDetectorsCore.framework/Versions/A/DataDetectorsCore
0x000000000582c000 	/System/Library/PrivateFrameworks/TCC.framework/Versions/A/TCC
0x000000000582c000 	/usr/lib/libmecabra.dylib
0x000000000582c000 	/usr/lib/libextension.dylib
0x000000000582c000 	/usr/lib/libarchive.2.dylib
0x000000000582c000 	/usr/lib/liblangid.dylib
0x000000000582c000 	/usr/lib/libCRFSuite.dylib
0x000000000582c000 	/usr/lib/liblzma.5.dylib
0x000000000582c000 	/System/Library/PrivateFrameworks/LanguageModeling.framework/Versions/A/LanguageModeling
0x000000000582c000 	/usr/lib/libcmph.dylib
0x000000000582c000 	/usr/lib/libiconv.2.dylib
0x000000000582c000 	/System/Library/Frameworks/CoreData.framework/Versions/A/CoreData
0x000000000582c000 	/System/Library/Frameworks/OpenDirectory.framework/Versions/A/Frameworks/CFOpenDirectory.framework/Versions/A/CFOpenDirectory
0x000000000582c000 	/System/Library/Frameworks/ServiceManagement.framework/Versions/A/ServiceManagement
0x000000000582c000 	/usr/lib/libxslt.1.dylib
0x000000000582c000 	/System/Library/Frameworks/Accelerate.framework/Versions/A/Frameworks/vImage.framework/Versions/A/vImage
0x000000000582c000 	/System/Library/Frameworks/Accelerate.framework/Versions/A/Frameworks/vecLib.framework/Versions/A/vecLib
0x000000000582c000 	/System/Library/Frameworks/Accelerate.framework/Versions/A/Frameworks/vecLib.framework/Versions/A/libvDSP.dylib
0x000000000582c000 	/System/Library/Frameworks/Accelerate.framework/Versions/A/Frameworks/vecLib.framework/Versions/A/libvMisc.dylib
0x000000000582c000 	/System/Library/Frameworks/Accelerate.framework/Versions/A/Frameworks/vecLib.framework/Versions/A/libLAPACK.dylib
0x000000000582c000 	/System/Library/Frameworks/Accelerate.framework/Versions/A/Frameworks/vecLib.framework/Versions/A/libBLAS.dylib
0x000000000582c000 	/System/Library/Frameworks/Accelerate.framework/Versions/A/Frameworks/vecLib.framework/Versions/A/libLinearAlgebra.dylib
0x000000000582c000 	/System/Library/Frameworks/ApplicationServices.framework/Versions/A/Frameworks/ATS.framework/Versions/A/Resources/libFontParser.dylib
0x000000000582c000 	/System/Library/Frameworks/ApplicationServices.framework/Versions/A/Frameworks/ATS.framework/Versions/A/Resources/libFontRegistry.dylib
0x000000000582c000 	/System/Library/PrivateFrameworks/AppleVPA.framework/Versions/A/AppleVPA
0x000000000582c000 	/System/Library/PrivateFrameworks/AppleJPEG.framework/Versions/A/AppleJPEG
0x000000000582c000 	/System/Library/Frameworks/ImageIO.framework/Versions/A/Resources/libJPEG.dylib
0x000000000582c000 	/System/Library/Frameworks/ImageIO.framework/Versions/A/Resources/libTIFF.dylib
0x000000000582c000 	/System/Library/Frameworks/ImageIO.framework/Versions/A/Resources/libPng.dylib
0x000000000582c000 	/System/Library/Frameworks/ImageIO.framework/Versions/A/Resources/libGIF.dylib
0x000000000582c000 	/System/Library/Frameworks/ImageIO.framework/Versions/A/Resources/libJP2.dylib
0x000000000582c000 	/System/Library/Frameworks/ImageIO.framework/Versions/A/Resources/libRadiance.dylib
0x000000000582c000 	/System/Library/Frameworks/OpenGL.framework/Versions/A/OpenGL
0x000000000582c000 	/System/Library/Frameworks/CoreVideo.framework/Versions/A/CoreVideo
0x000000000582c000 	/System/Library/Frameworks/OpenGL.framework/Versions/A/Libraries/libGLU.dylib
0x000000000582c000 	/System/Library/Frameworks/OpenGL.framework/Versions/A/Libraries/libGFXShared.dylib
0x000000000582c000 	/System/Library/Frameworks/OpenGL.framework/Versions/A/Libraries/libGL.dylib
0x000000000582c000 	/System/Library/Frameworks/OpenGL.framework/Versions/A/Libraries/libGLImage.dylib
0x000000000582c000 	/System/Library/Frameworks/OpenGL.framework/Versions/A/Libraries/libCVMSPluginSupport.dylib
0x000000000582c000 	/System/Library/Frameworks/OpenGL.framework/Versions/A/Libraries/libCoreVMClient.dylib
0x000000000582c000 	/usr/lib/libcups.2.dylib
0x000000000582c000 	/System/Library/Frameworks/Kerberos.framework/Versions/A/Kerberos
0x000000000582c000 	/System/Library/Frameworks/GSS.framework/Versions/A/GSS
0x000000000582c000 	/usr/lib/libresolv.9.dylib
0x000000000582c000 	/System/Library/PrivateFrameworks/Heimdal.framework/Versions/A/Heimdal
0x000000000582c000 	/usr/lib/libheimdal-asn1.dylib
0x000000000582c000 	/System/Library/Frameworks/OpenDirectory.framework/Versions/A/OpenDirectory
0x000000000582c000 	/System/Library/PrivateFrameworks/CommonAuth.framework/Versions/A/CommonAuth
0x000000000582c000 	/System/Library/Frameworks/SecurityFoundation.framework/Versions/A/SecurityFoundation
0x000000000582c000 	/System/Library/Frameworks/CoreAudio.framework/Versions/A/CoreAudio
0x000000000582c000 	/System/Library/Frameworks/AudioToolbox.framework/Versions/A/AudioToolbox
0x000000000582c000 	/System/Library/PrivateFrameworks/CoreUI.framework/Versions/A/CoreUI
0x000000000582c000 	/System/Library/Frameworks/QuartzCore.framework/Versions/A/QuartzCore
0x000000000582c000 	/System/Library/PrivateFrameworks/DesktopServicesPriv.framework/Versions/A/DesktopServicesPriv
0x000000000582c000 	/System/Library/PrivateFrameworks/GenerationalStorage.framework/Versions/A/GenerationalStorage
0x000000000582c000 	/System/Library/Frameworks/QuartzCore.framework/Versions/A/Frameworks/CoreImage.framework/Versions/A/CoreImage
0x000000000582c000 	/System/Library/PrivateFrameworks/CrashReporterSupport.framework/Versions/A/CrashReporterSupport
0x000000000582c000 	/System/Library/Frameworks/OpenCL.framework/Versions/A/OpenCL
0x000000000582c000 	/System/Library/PrivateFrameworks/FaceCore.framework/Versions/A/FaceCore
0x000000000582c000 	/System/Library/PrivateFrameworks/Ubiquity.framework/Versions/A/Ubiquity
0x000000000582c000 	/System/Library/PrivateFrameworks/Sharing.framework/Versions/A/Sharing
0x000000000582c000 	/System/Library/PrivateFrameworks/IconServices.framework/Versions/A/IconServices
0x000000000582c000 	/System/Library/PrivateFrameworks/ChunkingLibrary.framework/Versions/A/ChunkingLibrary
0x000000000582c000 	/System/Library/PrivateFrameworks/Apple80211.framework/Versions/A/Apple80211
0x000000000582c000 	/System/Library/Frameworks/CoreWLAN.framework/Versions/A/CoreWLAN
0x000000000582c000 	/System/Library/Frameworks/IOBluetooth.framework/Versions/A/IOBluetooth
0x000000000582c000 	/System/Library/PrivateFrameworks/CoreWiFi.framework/Versions/A/CoreWiFi
0x000000000582c000 	/System/Library/Frameworks/AudioUnit.framework/Versions/A/AudioUnit
0x000000000582c000 	/System/Library/Frameworks/CoreBluetooth.framework/Versions/A/CoreBluetooth
0x000000000582c000 	/System/Library/PrivateFrameworks/SpeechRecognitionCore.framework/Versions/A/SpeechRecognitionCore
0x0000000100cc9000 	/Users/pradeepv/personal/git/JMeter-Charts/node_modules/mongodb/node_modules/mongodb-core/node_modules/bson/node_modules/bson-ext/build/Release/bson.node
0x0000000100cd8000 	/Users/pradeepv/personal/git/JMeter-Charts/node_modules/mongodb/node_modules/mongodb-core/node_modules/kerberos/build/Release/kerberos.node
0x0000000100ce5000 	/Users/pradeepv/personal/git/JMeter-Charts/node_modules/node_xslt/build/Release/node_xslt.node
0x000000000582c000 	/usr/lib/libexslt.0.dylib
0x0000000100f87000 	/Users/pradeepv/personal/git/JMeter-Charts/node_modules/xslt4node/node_modules/java/build/Release/nodejavabridge_bindings.node
0x0000000104800000 	/Library/Java/JavaVirtualMachines/jdk1.7.0_51.jdk/Contents/Home/jre/lib/server/libjvm.dylib
0x0000000100cec000 	/Library/Java/JavaVirtualMachines/jdk1.7.0_51.jdk/Contents/Home/jre/lib/libverify.dylib
0x0000000100fb0000 	/Library/Java/JavaVirtualMachines/jdk1.7.0_51.jdk/Contents/Home/jre/lib/libjava.dylib
0x0000000100fe8000 	/Library/Java/JavaVirtualMachines/jdk1.7.0_51.jdk/Contents/Home/jre/lib/libzip.dylib
0x0000000103fe6000 	/System/Library/Frameworks/JavaVM.framework/Frameworks/JavaRuntimeSupport.framework/JavaRuntimeSupport
0x00000001057e9000 	/System/Library/Frameworks/JavaVM.framework/Versions/A/Frameworks/JavaNativeFoundation.framework/Versions/A/JavaNativeFoundation
0x0000000100ff1000 	/System/Library/Frameworks/JavaVM.framework/Versions/A/JavaVM
0x000000000582c000 	/System/Library/Frameworks/Cocoa.framework/Versions/A/Cocoa
0x000000000582c000 	/System/Library/PrivateFrameworks/CoreSymbolication.framework/Versions/A/CoreSymbolication
0x000000000582c000 	/System/Library/Frameworks/AppKit.framework/Versions/C/AppKit
0x000000000582c000 	/System/Library/PrivateFrameworks/RemoteViewServices.framework/Versions/A/RemoteViewServices
0x000000000582c000 	/System/Library/PrivateFrameworks/UIFoundation.framework/Versions/A/UIFoundation
0x000000000582c000 	/System/Library/PrivateFrameworks/PerformanceAnalysis.framework/Versions/A/PerformanceAnalysis
0x000000000582c000 	/System/Library/PrivateFrameworks/Backup.framework/Versions/A/Backup
0x000000000582c000 	/System/Library/PrivateFrameworks/DebugSymbols.framework/Versions/A/DebugSymbols
0x000000000582c000 	/System/Library/PrivateFrameworks/Symbolication.framework/Versions/A/Symbolication
0x000000011675b000 	/System/Library/PrivateFrameworks/JavaLaunching.framework/Versions/A/JavaLaunching

VM Arguments:
java_command: <unknown>
Launcher Type: generic

Environment Variables:
PATH=/Users/pradeepv/Softwares/android-sdk-macosx/tools:/Users/pradeepv/Softwares/mongodb/bin:/Applications/Xcode.app/Contents/Developer/usr/subversion-1.6/bin:/usr/local/bin:/usr/bin:/bin:/usr/sbin:/sbin:/opt/X11/bin:/opt/ant/bin:/usr/texbin
SHELL=/bin/bash
DISPLAY=/private/tmp/com.apple.launchd.loWREzTJef/org.macosforge.xquartz:0

Signal Handlers:
SIGSEGV: [libjvm.dylib+0x525425], sa_mask[0]=0xfffefeff, sa_flags=0x00000043
SIGBUS: [libjvm.dylib+0x525425], sa_mask[0]=0xfffefeff, sa_flags=0x00000042
SIGFPE: [libjvm.dylib+0x41892a], sa_mask[0]=0xfffefeff, sa_flags=0x00000042
SIGPIPE: [libjvm.dylib+0x41892a], sa_mask[0]=0xfffefeff, sa_flags=0x00000042
SIGXFSZ: [libjvm.dylib+0x41892a], sa_mask[0]=0xfffefeff, sa_flags=0x00000042
SIGILL: [libjvm.dylib+0x41892a], sa_mask[0]=0xfffefeff, sa_flags=0x00000042
SIGUSR1: [node+0x128d79], sa_mask[0]=0xfffefeff, sa_flags=0x00000000
SIGUSR2: [libjvm.dylib+0x41841c], sa_mask[0]=0x00000000, sa_flags=0x00000042
SIGHUP: [libjvm.dylib+0x4166ab], sa_mask[0]=0xfffefeff, sa_flags=0x00000042
SIGINT: [libjvm.dylib+0x4166ab], sa_mask[0]=0xfffefeff, sa_flags=0x00000042
SIGTERM: [libjvm.dylib+0x4166ab], sa_mask[0]=0xfffefeff, sa_flags=0x00000042
SIGQUIT: [libjvm.dylib+0x4166ab], sa_mask[0]=0xfffefeff, sa_flags=0x00000042


---------------  S Y S T E M  ---------------

OS:Bsduname:Darwin 14.1.0 Darwin Kernel Version 14.1.0: Mon Dec 22 23:10:38 PST 2014; root:xnu-2782.10.72~2/RELEASE_X86_64 x86_64
rlimit: STACK 8192k, CORE 0k, NPROC 709, NOFILE 10240, AS infinity
load average:2.45 2.15 2.06

CPU:total 8 (4 cores per cpu, 2 threads per core) family 6 model 70 stepping 1, cmov, cx8, fxsr, mmx, sse, sse2, sse3, ssse3, sse4.1, sse4.2, popcnt, avx, avx2, aes, erms, ht, tsc, tscinvbit

Memory: 4k page, physical 16777216k(4194304k free)

/proc/meminfo:


vm_info: Java HotSpot(TM) 64-Bit Server VM (24.51-b03) for bsd-amd64 JRE (1.7.0_51-b13), built on Dec 18 2013 18:45:56 by "java_re" with gcc 4.2.1 (Based on Apple Inc. build 5658) (LLVM build 2336.11.00)

time: Fri Apr  3 09:10:22 2015
elapsed time: 0 seconds

